Assembler report for dds_and_nios_lab
Sun Jun 25 00:58:13 2023
Quartus Prime Version 16.1.2 Build 203 01/18/2017 SJ Lite Edition


---------------------
; Table of Contents ;
---------------------
  1. Legal Notice
  2. Assembler Summary
  3. Assembler Settings
  4. Assembler Encrypted IP Cores Summary
  5. Assembler Generated Files
  6. Assembler Device Options: C:/Users/eric9ngo/Desktop/Lab5/dds_and_nios_lab.sof
  7. Assembler Device Options: C:/Users/eric9ngo/Desktop/Lab5/dds_and_nios_lab.pof
  8. Assembler Messages



----------------
; Legal Notice ;
----------------
Copyright (C) 2017  Intel Corporation. All rights reserved.
Your use of Intel Corporation's design tools, logic functions 
and other software and tools, and its AMPP partner logic 
functions, and any output files from any of the foregoing 
(including device programming or simulation files), and any 
associated documentation or information are expressly subject 
to the terms and conditions of the Intel Program License 
Subscription Agreement, the Intel Quartus Prime License Agreement,
the Intel MegaCore Function License Agreement, or other 
applicable license agreement, including, without limitation, 
that your use is for the sole purpose of programming logic 
devices manufactured by Intel and sold by Intel or its 
authorized distributors.  Please refer to the applicable 
agreement for further details.



+---------------------------------------------------------------+
; Assembler Summary                                             ;
+-----------------------+---------------------------------------+
; Assembler Status      ; Successful - Sun Jun 25 00:58:13 2023 ;
; Revision Name         ; dds_and_nios_lab                      ;
; Top-level Entity Name ; dds_and_nios_lab                      ;
; Family                ; Cyclone V                             ;
; Device                ; 5CSEMA5F31C6                          ;
+-----------------------+---------------------------------------+


+----------------------------------+
; Assembler Settings               ;
+--------+---------+---------------+
; Option ; Setting ; Default Value ;
+--------+---------+---------------+


+-------------------------------------------------------+
; Assembler Encrypted IP Cores Summary                  ;
+--------+-------------------------------+--------------+
; Vendor ; IP Core Name                  ; License Type ;
+--------+-------------------------------+--------------+
; Altera ; Nios II Processor (6AF7 00A2) ; Licensed     ;
; Altera ; Signal Tap (6AF7 BCE1)        ; Licensed     ;
; Altera ; Signal Tap (6AF7 BCEC)        ; Licensed     ;
+--------+-------------------------------+--------------+


+-----------------------------------------------------+
; Assembler Generated Files                           ;
+-----------------------------------------------------+
; File Name                                           ;
+-----------------------------------------------------+
; C:/Users/eric9ngo/Desktop/Lab5/dds_and_nios_lab.sof ;
; C:/Users/eric9ngo/Desktop/Lab5/dds_and_nios_lab.pof ;
+-----------------------------------------------------+


+-------------------------------------------------------------------------------+
; Assembler Device Options: C:/Users/eric9ngo/Desktop/Lab5/dds_and_nios_lab.sof ;
+----------------+--------------------------------------------------------------+
; Option         ; Setting                                                      ;
+----------------+--------------------------------------------------------------+
; Device         ; 5CSEMA5F31C6                                                 ;
; JTAG usercode  ; 0x01F856C0                                                   ;
; Checksum       ; 0x01F856C0                                                   ;
+----------------+--------------------------------------------------------------+


+-------------------------------------------------------------------------------+
; Assembler Device Options: C:/Users/eric9ngo/Desktop/Lab5/dds_and_nios_lab.pof ;
+--------------------+----------------------------------------------------------+
; Option             ; Setting                                                  ;
+--------------------+----------------------------------------------------------+
; Device             ; EPCS128                                                  ;
; JTAG usercode      ; 0x00000000                                               ;
; Checksum           ; 0xE13EDB2A                                               ;
; Compression Ratio  ; 3                                                        ;
+--------------------+----------------------------------------------------------+


+--------------------+
; Assembler Messages ;
+--------------------+
Info: *******************************************************************
Info: Running Quartus Prime Assembler
    Info: Version 16.1.2 Build 203 01/18/2017 SJ Lite Edition
    Info: Processing started: Sun Jun 25 00:57:56 2023
Info: Command: quartus_asm --read_settings_files=off --write_settings_files=off dds_and_nios_lab -c dds_and_nios_lab
Warning (18236): Number of processors has not been specified which may cause overloading on shared machines.  Set the global assignment NUM_PARALLEL_PROCESSORS in your QSF to an appropriate value for best performance.
Info (115030): Assembler is generating device programming files
Info: Quartus Prime Assembler was successful. 0 errors, 1 warning
    Info: Peak virtual memory: 848 megabytes
    Info: Processing ended: Sun Jun 25 00:58:13 2023
    Info: Elapsed time: 00:00:17
    Info: Total CPU time (on all processors): 00:00:17


