Assembler report for simple_ipod_solution
Sun Jun 11 23:58:55 2023
Quartus Prime Version 16.1.2 Build 203 01/18/2017 SJ Lite Edition


---------------------
; Table of Contents ;
---------------------
  1. Legal Notice
  2. Assembler Summary
  3. Assembler Settings
  4. Assembler Encrypted IP Cores Summary
  5. Assembler Generated Files
  6. Assembler Device Options: C:/LAB3/template_de1soc/simple_ipod_solution.sof
  7. Assembler Messages



----------------
; Legal Notice ;
----------------
Copyright (C) 2017  Intel Corporation. All rights reserved.
Your use of Intel Corporation's design tools, logic functions 
and other software and tools, and its AMPP partner logic 
functions, and any output files from any of the foregoing 
(including device programming or simulation files), and any 
associated documentation or information are expressly subject 
to the terms and conditions of the Intel Program License 
Subscription Agreement, the Intel Quartus Prime License Agreement,
the Intel MegaCore Function License Agreement, or other 
applicable license agreement, including, without limitation, 
that your use is for the sole purpose of programming logic 
devices manufactured by Intel and sold by Intel or its 
authorized distributors.  Please refer to the applicable 
agreement for further details.



+---------------------------------------------------------------+
; Assembler Summary                                             ;
+-----------------------+---------------------------------------+
; Assembler Status      ; Successful - Sun Jun 11 23:58:55 2023 ;
; Revision Name         ; simple_ipod_solution                  ;
; Top-level Entity Name ; simple_ipod_solution                  ;
; Family                ; Cyclone V                             ;
; Device                ; 5CSEMA5F31C6                          ;
+-----------------------+---------------------------------------+


+----------------------------------+
; Assembler Settings               ;
+--------+---------+---------------+
; Option ; Setting ; Default Value ;
+--------+---------+---------------+


+------------------------------------------------+
; Assembler Encrypted IP Cores Summary           ;
+--------+------------------------+--------------+
; Vendor ; IP Core Name           ; License Type ;
+--------+------------------------+--------------+
; Altera ; Signal Tap (6AF7 BCE1) ; Licensed     ;
; Altera ; Signal Tap (6AF7 BCEC) ; Licensed     ;
+--------+------------------------+--------------+


+--------------------------------------------------+
; Assembler Generated Files                        ;
+--------------------------------------------------+
; File Name                                        ;
+--------------------------------------------------+
; C:/LAB3/template_de1soc/simple_ipod_solution.sof ;
+--------------------------------------------------+


+----------------------------------------------------------------------------+
; Assembler Device Options: C:/LAB3/template_de1soc/simple_ipod_solution.sof ;
+----------------+-----------------------------------------------------------+
; Option         ; Setting                                                   ;
+----------------+-----------------------------------------------------------+
; Device         ; 5CSEMA5F31C6                                              ;
; JTAG usercode  ; 0x01B502ED                                                ;
; Checksum       ; 0x01B502ED                                                ;
+----------------+-----------------------------------------------------------+


+--------------------+
; Assembler Messages ;
+--------------------+
Info: *******************************************************************
Info: Running Quartus Prime Assembler
    Info: Version 16.1.2 Build 203 01/18/2017 SJ Lite Edition
    Info: Processing started: Sun Jun 11 23:58:42 2023
Info: Command: quartus_asm --read_settings_files=off --write_settings_files=off simple_ipod_solution -c simple_ipod_solution
Warning (18236): Number of processors has not been specified which may cause overloading on shared machines.  Set the global assignment NUM_PARALLEL_PROCESSORS in your QSF to an appropriate value for best performance.
Info (115030): Assembler is generating device programming files
Info: Quartus Prime Assembler was successful. 0 errors, 1 warning
    Info: Peak virtual memory: 4924 megabytes
    Info: Processing ended: Sun Jun 11 23:58:55 2023
    Info: Elapsed time: 00:00:13
    Info: Total CPU time (on all processors): 00:00:13


